<?xml version="1.0" encoding="UTF-8"?>
<testng-results ignored="0" total="1" passed="1" failed="0" skipped="0">
  <reporter-output>
  </reporter-output>
  <suite started-at="2025-02-06T20:49:55 IST" name="Suite" finished-at="2025-02-06T20:50:04 IST" duration-ms="8870">
    <groups>
    </groups>
    <test started-at="2025-02-06T20:49:55 IST" name="Test" finished-at="2025-02-06T20:50:04 IST" duration-ms="8870">
      <class name="TestNGIntegration.ValidateYoutubeSearch">
        <test-method signature="ValidateUserYoutube()[pri:0, instance:TestNGIntegration.ValidateYoutubeSearch@5ab956d7]" started-at="2025-02-06T20:49:55 IST" name="ValidateUserYoutube" finished-at="2025-02-06T20:50:04 IST" duration-ms="8797" status="PASS">
          <reporter-output>
          </reporter-output>
        </test-method> <!-- ValidateUserYoutube -->
      </class> <!-- TestNGIntegration.ValidateYoutubeSearch -->
    </test> <!-- Test -->
  </suite> <!-- Suite -->
</testng-results>
